[INFO ] 2024-07-24 23:08:23.548 [main] PetStoeAPIFramework - Create user executed
[INFO ] 2024-07-24 23:08:24.938 [main] PetStoeAPIFramework - Get user executed
[INFO ] 2024-07-24 23:08:26.299 [main] PetStoeAPIFramework - Update user executed
[INFO ] 2024-07-24 23:08:26.299 [main] PetStoeAPIFramework - Getting updated data...
[INFO ] 2024-07-24 23:08:28.987 [main] PetStoeAPIFramework - delete user executed
[INFO ] 2024-07-24 23:26:52.072 [main] PetStoreAPIFramework - Create user executed
[INFO ] 2024-07-24 23:26:53.461 [main] PetStoreAPIFramework - Get user executed
[INFO ] 2024-07-24 23:26:54.850 [main] PetStoreAPIFramework - Update user executed
[INFO ] 2024-07-24 23:26:54.851 [main] PetStoreAPIFramework - Getting updated data...
[INFO ] 2024-07-24 23:26:57.574 [main] PetStoreAPIFramework - delete user executed
[INFO ] 2024-07-24 23:46:36.243 [main] PetStoreAPIFramework - Create user executed
[INFO ] 2024-07-24 23:46:37.637 [main] PetStoreAPIFramework - Get user executed
[INFO ] 2024-07-24 23:46:39.099 [main] PetStoreAPIFramework - Update user executed
[INFO ] 2024-07-24 23:46:39.099 [main] PetStoreAPIFramework - Getting updated data...
[INFO ] 2024-07-24 23:46:41.824 [main] PetStoreAPIFramework - delete user executed
[INFO ] 2024-07-24 23:50:36.869 [main] PetStoreAPIFramework - Create user executed
[INFO ] 2024-07-24 23:50:38.325 [main] PetStoreAPIFramework - Get user executed
[INFO ] 2024-07-24 23:50:39.681 [main] PetStoreAPIFramework - Update user executed
[INFO ] 2024-07-24 23:50:39.681 [main] PetStoreAPIFramework - Getting updated data...
[INFO ] 2024-07-24 23:50:42.388 [main] PetStoreAPIFramework - delete user executed
